./receiver.php1Array
1
./receiver.php
1
----------------------------------------------------------------------------------------------------
./receiver.php
1
----------------------------------------------------------------------------------------------------
ARGV: ./receiver.php
ARGC: 1
----------------------------------------------------------------------------------------------------
ARGV: /var/www/domains/phpdummymail/receiver.php
ARGC: 1
----------------------------------------------------------------------------------------------------
ARGV: /var/www/domains/phpdummymail/receiver.php
ARGC: 1
80
----------------------------------------------------------------------------------------------------
ARGV: /var/www/domains/phpdummymail/receiver.php
ARGC: 1
80

----------------------------------------------------------------------------------------------------
ARGV: /var/www/domains/phpdummymail/receiver.php
ARGC: 1
80

----------------------------------------------------------------------------------------------------
ARGV: /var/www/domains/phpdummymail/receiver.php
ARGC: 1
80

----------------------------------------------------------------------------------------------------
ARGV: /var/www/domains/phpdummymail/receiver.php
ARGC: 1
