----------------------------------------------------------------------------------------------------
ARGV: /var/www/domains/phpdummymail/receiver.php
ARGC: 1
----------------------------------------------------------------------------------------------------
ARGV: /var/www/domains/phpdummymail/receiver.php
ARGC: 1
----------------------------------------------------------------------------------------------------
ARGV: /var/www/domains/phpdummymail/receiver.php
ARGC: 1

----------------------------------------------------------------------------------------------------
ARGV: /var/www/domains/phpdummymail/receiver.php
ARGC: 1
EHLO localhost

----------------------------------------------------------------------------------------------------
ARGV: /var/www/domains/phpdummymail/receiver.php
ARGC: 1
To: test@null.com

----------------------------------------------------------------------------------------------------
ARGV: /var/www/domains/phpdummymail/receiver.php
ARGC: 1
To: test@null.com

----------------------------------------------------------------------------------------------------
ARGV: /var/www/domains/phpdummymail/receiver.php
ARGC: 1
To: test@null.com

----------------------------------------------------------------------------------------------------
2019-02-18 00:06:53
ARGV: /var/www/domains/phpdummymail/receiver.php
ARGC: 1
To: test@null.com

----------------------------------------------------------------------------------------------------
2019-02-18 00:07:06
ARGV: /var/www/domains/phpdummymail/receiver.php
ARGC: 1
----------------------------------------------------------------------------------------------------
2019-02-18 00:15:26
ARGV: /var/www/domains/phpdummymail/receiver.php
ARGC: 1

----------------------------------------------------------------------------------------------------
2019-02-18 00:15:48
ARGV: /var/www/domains/phpdummymail/receiver.php
ARGC: 1

----------------------------------------------------------------------------------------------------
2019-02-18 00:16:52
ARGV: /var/www/domains/phpdummymail/receiver.php
ARGC: 1

----------------------------------------------------------------------------------------------------
2019-02-18 00:17:11
ARGV: /var/www/domains/phpdummymail/receiver.php
ARGC: 1

----------------------------------------------------------------------------------------------------
2019-02-18 00:17:25
ARGV: /var/www/domains/phpdummymail/receiver.php
ARGC: 1
To: test@null.com
Subject: test
X-PHP-Originating-Script: 1000:tester.php

test

----------------------------------------------------------------------------------------------------
2019-02-18 00:18:24
ARGV: /var/www/domains/phpdummymail/receiver.php
ARGC: 1
To: test@null.com
Subject: test
X-PHP-Originating-Script: 1000:tester.php
From: info@nowhere.com

test

----------------------------------------------------------------------------------------------------
2019-02-18 00:25:17
ARGV: /var/www/domains/phpdummymail/receiver.php
ARGC: 1
To: test@null.com
Subject: test
X-PHP-Originating-Script: 1000:tester.php
From: info@nowhere.com

test

----------------------------------------------------------------------------------------------------
2019-02-18 00:28:47
ARGV: /var/www/domains/phpdummymail/receiver.php
ARGC: 1
----------------------------------------------------------------------------------------------------
2019-02-18 00:29:26
ARGV: /var/www/domains/phpdummymail/receiver.php
ARGC: 1
----------------------------------------------------------------------------------------------------
2019-02-18 00:33:12
ARGV: /var/www/domains/phpdummymail/receiver.php
ARGC: 1
----------------------------------------------------------------------------------------------------
2019-02-18 00:33:36
ARGV: /var/www/domains/phpdummymail/receiver.php
ARGC: 1
----------------------------------------------------------------------------------------------------
2019-02-18 00:34:01
ARGV: /var/www/domains/phpdummymail/receiver.php
ARGC: 1
